0 info it worked if it ends with ok
1 verbose cli [ 'C:\\Program Files\\nodejs\\node.exe',
1 verbose cli   'C:\\Program Files\\nodejs\\node_modules\\npm\\bin\\npm-cli.js',
1 verbose cli   'run',
1 verbose cli   'deploy' ]
2 info using npm@3.3.12
3 info using node@v5.1.0
4 verbose run-script [ 'predeploy', 'deploy', 'postdeploy' ]
5 info lifecycle people-evaluation@1.0.0~predeploy: people-evaluation@1.0.0
6 silly lifecycle people-evaluation@1.0.0~predeploy: no script for predeploy, continuing
7 info lifecycle people-evaluation@1.0.0~deploy: people-evaluation@1.0.0
8 verbose lifecycle people-evaluation@1.0.0~deploy: unsafe-perm in lifecycle true
9 verbose lifecycle people-evaluation@1.0.0~deploy: PATH: C:\Program Files\nodejs\node_modules\npm\bin\node-gyp-bin;C:\Users\Victor\Documents\GitHub\people-plotting-frontend\node_modules\.bin;C:\Users\Victor\AppData\Local\GitHub\PortableGit_25d850739bc178b2eb13c3e2a9faafea2f9143c0\cmd;C:\Users\Victor\AppData\Local\GitHub\PortableGit_25d850739bc178b2eb13c3e2a9faafea2f9143c0\usr\bin;C:\Users\Victor\AppData\Local\GitHub\PortableGit_25d850739bc178b2eb13c3e2a9faafea2f9143c0\usr\share\git-tfs;C:\Users\Victor\AppData\Local\Apps\2.0\1ZO5OL7X.1Z0\LVBN8EM1.3H5\gith..tion_317444273a93ac29_0003.0000_c74cce3a838f9354;C:\Users\Victor\AppData\Local\GitHub\lfs-amd64_1.1.0;C:\WINDOWS\Microsoft.NET\Framework\v4.0.30319;C:\ProgramData\Oracle\Java\javapath;C:\Program Files (x86)\ActiveState Komodo Edit 9\;C:\Program Files (x86)\Intel\iCLS Client\;C:\Program Files\Intel\iCLS Client\;C:\WINDOWS\system32;C:\WINDOWS;C:\WINDOWS\System32\Wbem;C:\WINDOWS\System32\WindowsPowerShell\v1.0\;C:\Program Files\Intel\Intel(R) Management Engine Components\DAL;C:\Program Files (x86)\Intel\Intel(R) Management Engine Components\DAL;C:\Program Files\Intel\Intel(R) Management Engine Components\IPT;C:\Program Files (x86)\Intel\Intel(R) Management Engine Components\IPT;C:\Program Files (x86)\Windows Live\Shared;C:\Program Files\nodejs\;C:\Program Files\Intel\WiFi\bin\;C:\Program Files\Common Files\Intel\WirelessCommon\;C:\HashiCorp\Vagrant\bin;C:\OpenSSL-Win32\bin;C:\xampp\php;C:\ProgramData\ComposerSetup\bin;C:\Program Files (x86)\Brackets\command;C:\Users\Victor\AppData\Local\Programs\Python\Python35\Scripts\;C:\Users\Victor\AppData\Local\Programs\Python\Python35\;C:\Users\Victor\AppData\Roaming\npm;C:\OpenSSL-Win32\bin;C:\Program Files (x86)\Microsoft VS Code\bin;C:\ProgramData\chocolatey\bin;C:\Users\Victor\AppData\Local\GitHub\PortableGit_25d850739bc178b2eb13c3e2a9faafea2f9143c0\cmd;C:\Users\Victor\AppData\Local\atom\bin;C:\Users\Victor\AppData\Roaming\Composer\vendor\bin;C:\Users\Victor\AppData\Local\Microsoft\WindowsApps;
10 verbose lifecycle people-evaluation@1.0.0~deploy: CWD: C:\Users\Victor\Documents\GitHub\people-plotting-frontend
11 silly lifecycle people-evaluation@1.0.0~deploy: Args: [ '/d /s /c',
11 silly lifecycle   'webpack && git add * && git commit && git push digi master' ]
12 silly lifecycle people-evaluation@1.0.0~deploy: Returned: code: 1  signal: null
13 info lifecycle people-evaluation@1.0.0~deploy: Failed to exec deploy script
14 verbose stack Error: people-evaluation@1.0.0 deploy: `webpack && git add * && git commit && git push digi master`
14 verbose stack Exit status 1
14 verbose stack     at EventEmitter.<anonymous> (C:\Program Files\nodejs\node_modules\npm\lib\utils\lifecycle.js:232:16)
14 verbose stack     at emitTwo (events.js:87:13)
14 verbose stack     at EventEmitter.emit (events.js:172:7)
14 verbose stack     at ChildProcess.<anonymous> (C:\Program Files\nodejs\node_modules\npm\lib\utils\spawn.js:24:14)
14 verbose stack     at emitTwo (events.js:87:13)
14 verbose stack     at ChildProcess.emit (events.js:172:7)
14 verbose stack     at maybeClose (internal/child_process.js:818:16)
14 verbose stack     at Process.ChildProcess._handle.onexit (internal/child_process.js:211:5)
15 verbose pkgid people-evaluation@1.0.0
16 verbose cwd C:\Users\Victor\Documents\GitHub\people-plotting-frontend
17 error Windows_NT 10.0.14393
18 error argv "C:\\Program Files\\nodejs\\node.exe" "C:\\Program Files\\nodejs\\node_modules\\npm\\bin\\npm-cli.js" "run" "deploy"
19 error node v5.1.0
20 error npm  v3.3.12
21 error code ELIFECYCLE
22 error people-evaluation@1.0.0 deploy: `webpack && git add * && git commit && git push digi master`
22 error Exit status 1
23 error Failed at the people-evaluation@1.0.0 deploy script 'webpack && git add * && git commit && git push digi master'.
23 error Make sure you have the latest version of node.js and npm installed.
23 error If you do, this is most likely a problem with the people-evaluation package,
23 error not with npm itself.
23 error Tell the author that this fails on your system:
23 error     webpack && git add * && git commit && git push digi master
23 error You can get their info via:
23 error     npm owner ls people-evaluation
23 error There is likely additional logging output above.
24 verbose exit [ 1, true ]
